#
# A fatal error has been detected by the Java Runtime Environment:
#
#  EXCEPTION_ACCESS_VIOLATION (0xc0000005) at pc=0x00007ff8828779c5, pid=21904, tid=23292
#
# JRE version: OpenJDK Runtime Environment (21.0.6) (build 21.0.6+-13368085-b895.109)
# Java VM: OpenJDK 64-Bit Server VM (21.0.6+-13368085-b895.109, mixed mode, tiered, compressed oops, compressed class ptrs, g1 gc, windows-amd64)
# Problematic frame:
# V  [jvm.dll+0x3179c5]
#
# No core dump will be written. Minidumps are not enabled by default on client versions of Windows
#
# If you would like to submit a bug report, please visit:
#   https://youtrack.jetbrains.com/issues/JBR
#

---------------  S U M M A R Y ------------

Command Line: org.jetbrains.kotlin.cli.jvm.K2JVMCompiler @C:\Users\subra\OneDrive\Desktop\UniChargeAndriod\app\build\20251130_3904632917720012819.compiler.options

Host: 12th Gen Intel(R) Core(TM) i5-1235U, 12 cores, 7G,  Windows 11 , 64 bit Build 26100 (10.0.26100.4768)
Time: Sun Nov 30 06:14:35 2025 India Standard Time elapsed time: 2.874139 seconds (0d 0h 0m 2s)

---------------  T H R E A D  ---------------

Current thread (0x000002159b6d2fa0):  WorkerThread "G1 Conc#1"      [id=23292, stack(0x0000004084d00000,0x0000004084e00000) (1024K)]

Stack: [0x0000004084d00000,0x0000004084e00000],  sp=0x0000004084dffb00,  free space=1022k
Native frames: (J=compiled Java code, j=interpreted, Vv=VM code, C=native code)
V  [jvm.dll+0x3179c5]
V  [jvm.dll+0x31785f]
V  [jvm.dll+0x315a4d]
V  [jvm.dll+0x314de2]
V  [jvm.dll+0x33261a]
V  [jvm.dll+0x33118c]
V  [jvm.dll+0x332d0c]
V  [jvm.dll+0x331a53]
V  [jvm.dll+0x3353b6]
V  [jvm.dll+0x88c7e4]
V  [jvm.dll+0x806ed8]
V  [jvm.dll+0x6cef0d]
C  [ucrtbase.dll+0x37b0]
C  [KERNEL32.DLL+0x2e8d7]
C  [ntdll.dll+0x3c34c]


siginfo: EXCEPTION_ACCESS_VIOLATION (0xc0000005), reading address 0x0000021dfedce970


Registers:
RAX=0x00000215fedd2400, RBX=0x00000215fee17590, RCX=0x0000000000000014, RDX=0x0000000000000001
RSP=0x0000004084dffb00, RBP=0x0000000000000001, RSI=0x00000215fedfc250, RDI=0x0000000010000000
R8 =0x0000000010000000, R9 =0x00000000fffff8ae, R10=0x00000215fca43e50, R11=0x0000000000000004
R12=0x0000000000000000, R13=0xaaaaaaaaaaaaaaab, R14=0x0000000000000000, R15=0x0000004084dffca0
RIP=0x00007ff8828779c5, EFLAGS=0x0000000000010202

XMM[0]=0x0000000000000000 0x0000000000000000
XMM[1]=0x0000000000000000 0x0000000000000000
XMM[2]=0x0000000000000000 0x0000000000000000
XMM[3]=0x0000000000000000 0x0000000000000000
XMM[4]=0x0000000000000000 0x0000000000000000
XMM[5]=0x0000000000000000 0x0000000000000000
XMM[6]=0x0000000000000000 0x4006628f5c28f5c0
XMM[7]=0x0000000000000000 0x408f400000000000
XMM[8]=0x0000000000000000 0x0000000000000000
XMM[9]=0x0000000000000000 0x0000000000000000
XMM[10]=0x0000000000000000 0x0000000000000000
XMM[11]=0x0000000000000000 0x0000000000000000
XMM[12]=0x0000000000000000 0x0000000000000000
XMM[13]=0x0000000000000000 0x0000000000000000
XMM[14]=0x0000000000000000 0x0000000000000000
XMM[15]=0x0000000000000000 0x0000000000000000
  MXCSR=0x00001fa0


Register to memory mapping:

RAX=0x00000215fedd2400 points into unknown readable memory: 0x00000215fee44e80 | 80 4e e4 fe 15 02 00 00
RBX=0x00000215fee17590 points into unknown readable memory: 0x00007ff882ecad48 | 48 ad ec 82 f8 7f 00 00
RCX=0x0000000000000014 is an unknown value
RDX=0x0000000000000001 is an unknown value
RSP=0x0000004084dffb00 points into unknown readable memory: 0x0000e23cf20a7284 | 84 72 0a f2 3c e2 00 00
RBP=0x0000000000000001 is an unknown value
RSI=0x00000215fedfc250 points into unknown readable memory: 0x00000215fee0c100 | 00 c1 e0 fe 15 02 00 00
RDI=0x0000000010000000 is an unknown value
R8 =0x0000000010000000 is an unknown value
R9 =0x00000000fffff8ae is pointing into object: [Ljdk.internal.vm.FillerElement; 
{0x00000000fffe1720} - klass: {type array int}
 - length: 31284
R10=0x00000215fca43e50 points into unknown readable memory: 0x00007ff882ec93d0 | d0 93 ec 82 f8 7f 00 00
R11=0x0000000000000004 is an unknown value
R12=0x0 is null
R13=0xaaaaaaaaaaaaaaab is an unknown value
R14=0x0 is null
R15=0x0000004084dffca0 points into unknown readable memory: 0x00000215fedfc250 | 50 c2 df fe 15 02 00 00

Top of Stack: (sp=0x0000004084dffb00)
0x0000004084dffb00:   0000e23cf20a7284 00007ff882877a8a
0x0000004084dffb10:   000000008700e228 00007ff88287785f
0x0000004084dffb20:   0000000010000000 00007ff88287785f
0x0000004084dffb30:   00000215fee17590 0000004084dffce0
0x0000004084dffb40:   000000008700e260 00007ff88287519d
0x0000004084dffb50:   0000004084dffce0 00007ff882875a4d
0x0000004084dffb60:   000000008700e250 00007ff88287519d
0x0000004084dffb70:   0000004084dffca0 0000000000000000
0x0000004084dffb80:   000000010005b560 00007ff882874de2
0x0000004084dffb90:   0000000000000007 000000008700e228
0x0000004084dffba0:   0000004084dffce0 0000000000000000
0x0000004084dffbb0:   000000008700e228 00007ff88289261a
0x0000004084dffbc0:   00000215fee17590 0000000000000040
0x0000004084dffbd0:   000000000000007d 00007ff882894930
0x0000004084dffbe0:   0000000000000001 00000000871cc028
0x0000004084dffbf0:   0000004084dffca0 00000215fedfc260
0x0000004084dffc00:   00000000003f9805 00007ff88289118c
0x0000004084dffc10:   00000000003f9805 0000000000000000
0x0000004084dffc20:   000000008700e228 00007ff88289261a
0x0000004084dffc30:   0000000000400000 00007ff882892d0c
0x0000004084dffc40:   00000000871c9f98 00000000003f9805
0x0000004084dffc50:   000000000002625a 000000000002625a
0x0000004084dffc60:   0000000000000001 0000000000000001
0x0000004084dffc70:   00000215fee17590 00007ff882891a53
0x0000004084dffc80:   0000000000000555 0000000000000000
0x0000004084dffc90:   00000040834ff501 0000000000000000
0x0000004084dffca0:   00000215fedfc250 00000215fee17590
0x0000004084dffcb0:   0000000087100000 0000000000020000
0x0000004084dffcc0:   0000000087100000 0000000000020000
0x0000004084dffcd0:   000000000002625a 0000000000000000
0x0000004084dffce0:   00007ff882ecad68 000002159679a6d0
0x0000004084dffcf0:   0000000000000003 00000215fca43e50 

Instructions: (pc=0x00007ff8828779c5)
0x00007ff8828778c5:   05 75 35 48 8b 83 a8 00 00 00 48 39 83 a0 00 00
0x00007ff8828778d5:   00 73 10 48 8b 83 c0 00 00 00 48 39 83 b8 00 00
0x00007ff8828778e5:   00 72 7f 48 8b cb e8 30 c2 01 00 b0 01 48 8b 5c
0x00007ff8828778f5:   24 30 48 83 c4 20 5f c3 48 8b 53 30 44 8b 82 80
0x00007ff882877905:   00 00 00 8b 82 00 01 00 00 41 8b c8 2b c8 81 e1
0x00007ff882877915:   ff ff 01 00 81 f9 fe ff 01 00 72 2c 48 8b cb e8
0x00007ff882877925:   c7 b5 01 00 48 8b 53 30 44 8b 82 80 00 00 00 8b
0x00007ff882877935:   82 00 01 00 00 41 8b c8 2b c8 81 e1 ff ff 01 00
0x00007ff882877945:   81 f9 fe ff 01 00 73 1a 48 8b 82 80 01 00 00 4a
0x00007ff882877955:   89 3c c0 41 8d 40 01 25 ff ff 01 00 89 82 80 00
0x00007ff882877965:   00 00 48 8b 5c 24 30 b0 01 48 83 c4 20 5f c3 cc
0x00007ff882877975:   cc cc cc cc cc cc cc cc cc cc cc 48 89 6c 24 10
0x00007ff882877985:   48 89 74 24 18 57 48 83 ec 20 4c 8b 51 08 48 8b
0x00007ff882877995:   f1 4d 8b c8 8b ea 49 8b f8 41 8b 8a 18 02 00 00
0x00007ff8828779a5:   49 8b 82 10 02 00 00 48 d3 e0 8b 0d db e6 87 00
0x00007ff8828779b5:   4c 2b c8 49 8b 82 f8 01 00 00 49 d3 e9 45 8b c9
0x00007ff8828779c5:   4a 8b 04 c8 48 8b 40 68 4c 3b c0 72 12 32 c0 48
0x00007ff8828779d5:   8b 6c 24 38 48 8b 74 24 40 48 83 c4 20 5f c3 48
0x00007ff8828779e5:   8b 46 10 48 8d 4e 10 48 8b d7 48 89 5c 24 30 ff
0x00007ff8828779f5:   10 8b 4e 28 48 8b d7 48 2b 56 18 48 8b 46 30 48
0x00007ff882877a05:   c1 ea 03 48 d3 ea 48 8b ca 48 c1 e9 06 4c 8d 04
0x00007ff882877a15:   c8 0f b6 ca 49 8b 00 80 e1 3f ba 01 00 00 00 48
0x00007ff882877a25:   d3 e2 48 8b c8 48 0b ca 48 3b c8 74 12 f0 49 0f
0x00007ff882877a35:   b1 08 74 25 48 8b c8 48 0b ca 48 3b c8 75 ee 32
0x00007ff882877a45:   db 48 8b 6c 24 38 0f b6 c3 48 8b 5c 24 30 48 8b
0x00007ff882877a55:   74 24 40 48 83 c4 20 5f c3 80 3d ab b7 81 00 00
0x00007ff882877a65:   b3 01 74 15 8b 57 08 8b 0d a6 a4 81 00 48 d3 e2
0x00007ff882877a75:   48 03 15 94 a4 81 00 eb 04 48 8b 57 08 48 8b cf
0x00007ff882877a85:   e8 66 26 e2 ff 48 8b 8e b8 02 00 00 4c 8b d8 4c
0x00007ff882877a95:   8b 0c e9 49 8b 51 18 8b 8a 18 02 00 00 4c 8b 82
0x00007ff882877aa5:   10 02 00 00 41 8b 51 60 49 d3 e0 8b 0d da e5 87
0x00007ff882877ab5:   00 49 2b f8 48 d3 ef 44 8b d7 49 23 d2 48 c1 e2 


Stack slot to memory mapping:

stack at sp + 0 slots: 0x0000e23cf20a7284 is an unknown value
stack at sp + 1 slots: 0x00007ff882877a8a jvm.dll
stack at sp + 2 slots: 0x000000008700e228 is an oop: [Ljava.lang.Object; 
{0x000000008700e228} - klass: 'java/lang/Object'[]
 - length: 10
stack at sp + 3 slots: 0x00007ff88287785f jvm.dll
stack at sp + 4 slots: 0x0000000010000000 is an unknown value
stack at sp + 5 slots: 0x00007ff88287785f jvm.dll
stack at sp + 6 slots: 0x00000215fee17590 points into unknown readable memory: 0x00007ff882ecad48 | 48 ad ec 82 f8 7f 00 00
stack at sp + 7 slots: 0x0000004084dffce0 points into unknown readable memory: 0x00007ff882ecad68 | 68 ad ec 82 f8 7f 00 00


---------------  P R O C E S S  ---------------

Threads class SMR info:
_java_thread_list=0x0000021596bae8e0, length=13, elements={
0x00000215fca3f7b0, 0x000002159691fea0, 0x000002159694b280, 0x0000021596950410,
0x0000021596950e60, 0x00000215969518b0, 0x0000021596976780, 0x0000021596977500,
0x000002159697c4a0, 0x0000021596b17190, 0x0000021596b17eb0, 0x0000021596ba8f00,
0x0000021596baec40
}

Java Threads: ( => current thread )
  0x00000215fca3f7b0 JavaThread "main"                              [_thread_blocked, id=5164, stack(0x0000004083200000,0x0000004083300000) (1024K)]
  0x000002159691fea0 JavaThread "Reference Handler"          daemon [_thread_blocked, id=10180, stack(0x0000004083a00000,0x0000004083b00000) (1024K)]
  0x000002159694b280 JavaThread "Finalizer"                  daemon [_thread_blocked, id=18616, stack(0x0000004083b00000,0x0000004083c00000) (1024K)]
  0x0000021596950410 JavaThread "Signal Dispatcher"          daemon [_thread_blocked, id=22388, stack(0x0000004083c00000,0x0000004083d00000) (1024K)]
  0x0000021596950e60 JavaThread "Attach Listener"            daemon [_thread_blocked, id=14360, stack(0x0000004083d00000,0x0000004083e00000) (1024K)]
  0x00000215969518b0 JavaThread "Service Thread"             daemon [_thread_blocked, id=16336, stack(0x0000004083e00000,0x0000004083f00000) (1024K)]
  0x0000021596976780 JavaThread "Monitor Deflation Thread"   daemon [_thread_blocked, id=25312, stack(0x0000004083f00000,0x0000004084000000) (1024K)]
  0x0000021596977500 JavaThread "C2 CompilerThread0"         daemon [_thread_in_native, id=22064, stack(0x0000004084000000,0x0000004084100000) (1024K)]
  0x000002159697c4a0 JavaThread "C1 CompilerThread0"         daemon [_thread_blocked, id=12296, stack(0x0000004084100000,0x0000004084200000) (1024K)]
  0x0000021596b17190 JavaThread "Notification Thread"        daemon [_thread_blocked, id=25988, stack(0x0000004084200000,0x0000004084300000) (1024K)]
  0x0000021596b17eb0 JavaThread "Common-Cleaner"             daemon [_thread_blocked, id=21116, stack(0x0000004084300000,0x0000004084400000) (1024K)]
  0x0000021596ba8f00 JavaThread "C2 CompilerThread1"         daemon [_thread_in_native, id=26672, stack(0x0000004084400000,0x0000004084500000) (1024K)]
  0x0000021596baec40 JavaThread "C2 CompilerThread2"         daemon [_thread_blocked, id=20564, stack(0x0000004084500000,0x0000004084600000) (1024K)]
Total: 13

Other Threads:
  0x00000215968f70a0 VMThread "VM Thread"                           [id=11480, stack(0x0000004083900000,0x0000004083a00000) (1024K)]
  0x00000215967413e0 WatcherThread "VM Periodic Task Thread"        [id=23432, stack(0x0000004083800000,0x0000004083900000) (1024K)]
  0x00000215fedfbb60 WorkerThread "GC Thread#0"                     [id=21132, stack(0x0000004083300000,0x0000004083400000) (1024K)]
  0x000002159b5d1c50 WorkerThread "GC Thread#1"                     [id=20064, stack(0x0000004084600000,0x0000004084700000) (1024K)]
  0x000002159b619970 WorkerThread "GC Thread#2"                     [id=1364, stack(0x0000004084700000,0x0000004084800000) (1024K)]
  0x000002159b619d10 WorkerThread "GC Thread#3"                     [id=20196, stack(0x0000004084800000,0x0000004084900000) (1024K)]
  0x000002159b61a8c0 WorkerThread "GC Thread#4"                     [id=23132, stack(0x0000004084900000,0x0000004084a00000) (1024K)]
  0x000002159b61c080 WorkerThread "GC Thread#5"                     [id=14580, stack(0x0000004084a00000,0x0000004084b00000) (1024K)]
  0x000002159b6d3a80 WorkerThread "GC Thread#6"                     [id=11192, stack(0x0000004084b00000,0x0000004084c00000) (1024K)]
  0x000002159b6d3e20 WorkerThread "GC Thread#7"                     [id=8556, stack(0x0000004084c00000,0x0000004084d00000) (1024K)]
  0x000002159be43990 WorkerThread "GC Thread#8"                     [id=11728, stack(0x0000004084f00000,0x0000004085000000) (1024K)]
  0x000002159be46ff0 WorkerThread "GC Thread#9"                     [id=21040, stack(0x0000004085000000,0x0000004085100000) (1024K)]
  0x00000215fee0c100 ConcurrentGCThread "G1 Main Marker"            [id=20040, stack(0x0000004083400000,0x0000004083500000) (1024K)]
  0x00000215fee0d410 WorkerThread "G1 Conc#0"                       [id=18092, stack(0x0000004083500000,0x0000004083600000) (1024K)]
=>0x000002159b6d2fa0 WorkerThread "G1 Conc#1"                       [id=23292, stack(0x0000004084d00000,0x0000004084e00000) (1024K)]
  0x000002159b6d4900 WorkerThread "G1 Conc#2"                       [id=26568, stack(0x0000004084e00000,0x0000004084f00000) (1024K)]
  0x000002159660a930 ConcurrentGCThread "G1 Refine#0"               [id=12588, stack(0x0000004083600000,0x0000004083700000) (1024K)]
  0x000002159660b3b0 ConcurrentGCThread "G1 Service"                [id=24384, stack(0x0000004083700000,0x0000004083800000) (1024K)]
Total: 18

Threads with active compile tasks:
C2 CompilerThread0  2900 4903   !   4       org.jetbrains.kotlin.metadata.ProtoBuf$Function::<init> (1410 bytes)
C2 CompilerThread1  2900 4932   !   4       org.jetbrains.kotlin.metadata.ProtoBuf$Type$Argument::<init> (401 bytes)
Total: 2

VM state: not at safepoint (normal execution)

VM Mutex/Monitor currently owned by a thread:  ([mutex/lock_event])
[0x00007ff88310e4a0] Heap_lock - owner thread: 0x00000215fca3f7b0

Heap address: 0x0000000085200000, size: 1966 MB, Compressed Oops mode: 32-bit

CDS archive(s) not mapped
Compressed class space mapped at: 0x0000000100000000-0x0000000140000000, reserved size: 1073741824
Narrow klass base: 0x0000000000000000, Narrow klass shift: 3, Narrow klass range: 0x140000000

GC Precious Log:
 CardTable entry size: 512
 Card Set container configuration: InlinePtr #cards 5 size 8 Array Of Cards #cards 12 size 40 Howl #buckets 4 coarsen threshold 1843 Howl Bitmap #cards 512 size 80 coarsen threshold 460 Card regions per heap region 1 cards per card region 2048
 CPUs: 12 total, 12 available
 Memory: 7863M
 Large Page Support: Disabled
 NUMA Support: Disabled
 Compressed Oops: Enabled (32-bit)
 Heap Region Size: 1M
 Heap Min Capacity: 8M
 Heap Initial Capacity: 124M
 Heap Max Capacity: 1966M
 Pre-touch: Disabled
 Parallel Workers: 10
 Concurrent Workers: 3
 Concurrent Refinement Workers: 10
 Periodic GC: Disabled

Heap:
 garbage-first heap   total 80896K, used 71655K [0x0000000085200000, 0x0000000100000000)
  region size 1024K, 18 young (18432K), 3 survivors (3072K)
 Metaspace       used 50562K, committed 50880K, reserved 1114112K
  class space    used 5666K, committed 5824K, reserved 1048576K

Heap Regions: E=young(eden), S=young(survivor), O=old, HS=humongous(starts), HC=humongous(continues), CS=collection set, F=free, TAMS=top-at-mark-start, PB=parsable bottom
|   0|0x0000000085200000, 0x0000000085300000, 0x0000000085300000|100%|HS|  |TAMS 0x0000000085300000| PB 0x0000000085200000| Complete 
|   1|0x0000000085300000, 0x0000000085400000, 0x0000000085400000|100%|HC|  |TAMS 0x0000000085400000| PB 0x0000000085300000| Complete 
|   2|0x0000000085400000, 0x0000000085500000, 0x0000000085500000|100%|HC|  |TAMS 0x0000000085500000| PB 0x0000000085400000| Complete 
|   3|0x0000000085500000, 0x0000000085600000, 0x0000000085600000|100%| O|  |TAMS 0x0000000085600000| PB 0x0000000085500000| Untracked 
|   4|0x0000000085600000, 0x0000000085700000, 0x0000000085700000|100%| O|  |TAMS 0x0000000085700000| PB 0x0000000085600000| Untracked 
|   5|0x0000000085700000, 0x00000000857f9f00, 0x0000000085800000| 97%| O|  |TAMS 0x00000000857f9f00| PB 0x0000000085700000| Untracked 
|   6|0x0000000085800000, 0x0000000085900000, 0x0000000085900000|100%| O|  |TAMS 0x0000000085900000| PB 0x0000000085800000| Untracked 
|   7|0x0000000085900000, 0x0000000085a00000, 0x0000000085a00000|100%| O|  |TAMS 0x0000000085a00000| PB 0x0000000085900000| Untracked 
|   8|0x0000000085a00000, 0x0000000085b00000, 0x0000000085b00000|100%| O|  |TAMS 0x0000000085b00000| PB 0x0000000085a00000| Untracked 
|   9|0x0000000085b00000, 0x0000000085c00000, 0x0000000085c00000|100%| O|  |TAMS 0x0000000085c00000| PB 0x0000000085b00000| Untracked 
|  10|0x0000000085c00000, 0x0000000085d00000, 0x0000000085d00000|100%| O|  |TAMS 0x0000000085d00000| PB 0x0000000085c00000| Untracked 
|  11|0x0000000085d00000, 0x0000000085e00000, 0x0000000085e00000|100%| O|  |TAMS 0x0000000085e00000| PB 0x0000000085d00000| Untracked 
|  12|0x0000000085e00000, 0x0000000085f00000, 0x0000000085f00000|100%| O|  |TAMS 0x0000000085f00000| PB 0x0000000085e00000| Untracked 
|  13|0x0000000085f00000, 0x0000000086000000, 0x0000000086000000|100%| O|  |TAMS 0x0000000086000000| PB 0x0000000085f00000| Untracked 
|  14|0x0000000086000000, 0x0000000086100000, 0x0000000086100000|100%| O|  |TAMS 0x0000000086100000| PB 0x0000000086000000| Untracked 
|  15|0x0000000086100000, 0x0000000086200000, 0x0000000086200000|100%| O|  |TAMS 0x0000000086100000| PB 0x0000000086100000| Untracked 
|  16|0x0000000086200000, 0x0000000086300000, 0x0000000086300000|100%| O|  |TAMS 0x0000000086300000| PB 0x0000000086200000| Untracked 
|  17|0x0000000086300000, 0x0000000086400000, 0x0000000086400000|100%| O|  |TAMS 0x0000000086400000| PB 0x0000000086300000| Untracked 
|  18|0x0000000086400000, 0x0000000086500000, 0x0000000086500000|100%| O|  |TAMS 0x0000000086500000| PB 0x0000000086400000| Untracked 
|  19|0x0000000086500000, 0x0000000086600000, 0x0000000086600000|100%| O|  |TAMS 0x0000000086600000| PB 0x0000000086500000| Untracked 
|  20|0x0000000086600000, 0x0000000086700000, 0x0000000086700000|100%| O|  |TAMS 0x0000000086700000| PB 0x0000000086600000| Untracked 
|  21|0x0000000086700000, 0x0000000086800000, 0x0000000086800000|100%| O|  |TAMS 0x0000000086800000| PB 0x0000000086700000| Untracked 
|  22|0x0000000086800000, 0x0000000086900000, 0x0000000086900000|100%| O|  |TAMS 0x0000000086900000| PB 0x0000000086800000| Untracked 
|  23|0x0000000086900000, 0x0000000086a00000, 0x0000000086a00000|100%| O|  |TAMS 0x0000000086a00000| PB 0x0000000086900000| Untracked 
|  24|0x0000000086a00000, 0x0000000086b00000, 0x0000000086b00000|100%| O|  |TAMS 0x0000000086b00000| PB 0x0000000086a00000| Untracked 
|  25|0x0000000086b00000, 0x0000000086c00000, 0x0000000086c00000|100%| O|  |TAMS 0x0000000086c00000| PB 0x0000000086b00000| Untracked 
|  26|0x0000000086c00000, 0x0000000086d00000, 0x0000000086d00000|100%| O|  |TAMS 0x0000000086d00000| PB 0x0000000086c00000| Untracked 
|  27|0x0000000086d00000, 0x0000000086e00000, 0x0000000086e00000|100%| O|  |TAMS 0x0000000086e00000| PB 0x0000000086d00000| Untracked 
|  28|0x0000000086e00000, 0x0000000086f00000, 0x0000000086f00000|100%| O|  |TAMS 0x0000000086f00000| PB 0x0000000086e00000| Untracked 
|  29|0x0000000086f00000, 0x0000000087000000, 0x0000000087000000|100%| O|  |TAMS 0x0000000087000000| PB 0x0000000086f00000| Untracked 
|  30|0x0000000087000000, 0x0000000087100000, 0x0000000087100000|100%| O|  |TAMS 0x0000000087100000| PB 0x0000000087000000| Untracked 
|  31|0x0000000087100000, 0x0000000087200000, 0x0000000087200000|100%| O|  |TAMS 0x0000000087200000| PB 0x0000000087100000| Untracked 
|  32|0x0000000087200000, 0x0000000087300000, 0x0000000087300000|100%| O|  |TAMS 0x0000000087300000| PB 0x0000000087200000| Untracked 
|  33|0x0000000087300000, 0x0000000087400000, 0x0000000087400000|100%| O|  |TAMS 0x0000000087400000| PB 0x0000000087300000| Untracked 
|  34|0x0000000087400000, 0x0000000087500000, 0x0000000087500000|100%| O|  |TAMS 0x0000000087500000| PB 0x0000000087400000| Untracked 
|  35|0x0000000087500000, 0x0000000087600000, 0x0000000087600000|100%| O|  |TAMS 0x0000000087600000| PB 0x0000000087500000| Untracked 
|  36|0x0000000087600000, 0x0000000087700000, 0x0000000087700000|100%| O|  |TAMS 0x0000000087700000| PB 0x0000000087600000| Untracked 
|  37|0x0000000087700000, 0x0000000087800000, 0x0000000087800000|100%| O|  |TAMS 0x0000000087800000| PB 0x0000000087700000| Untracked 
|  38|0x0000000087800000, 0x0000000087900000, 0x0000000087900000|100%| O|  |TAMS 0x0000000087900000| PB 0x0000000087800000| Untracked 
|  39|0x0000000087900000, 0x0000000087a00000, 0x0000000087a00000|100%| O|  |TAMS 0x0000000087a00000| PB 0x0000000087900000| Untracked 
|  40|0x0000000087a00000, 0x0000000087b00000, 0x0000000087b00000|100%| O|  |TAMS 0x0000000087b00000| PB 0x0000000087a00000| Untracked 
|  41|0x0000000087b00000, 0x0000000087c00000, 0x0000000087c00000|100%| O|  |TAMS 0x0000000087c00000| PB 0x0000000087b00000| Untracked 
|  42|0x0000000087c00000, 0x0000000087d00000, 0x0000000087d00000|100%| O|  |TAMS 0x0000000087c00000| PB 0x0000000087c00000| Untracked 
|  43|0x0000000087d00000, 0x0000000087e00000, 0x0000000087e00000|100%| O|  |TAMS 0x0000000087d00000| PB 0x0000000087d00000| Untracked 
|  44|0x0000000087e00000, 0x0000000087f00000, 0x0000000087f00000|100%| O|  |TAMS 0x0000000087e00000| PB 0x0000000087e00000| Untracked 
|  45|0x0000000087f00000, 0x0000000088000000, 0x0000000088000000|100%| O|  |TAMS 0x0000000087f00000| PB 0x0000000087f00000| Untracked 
|  46|0x0000000088000000, 0x0000000088100000, 0x0000000088100000|100%|HS|  |TAMS 0x0000000088000000| PB 0x0000000088000000| Complete 
|  47|0x0000000088100000, 0x0000000088100000, 0x0000000088200000|  0%| F|  |TAMS 0x0000000088100000| PB 0x0000000088100000| Untracked 
|  48|0x0000000088200000, 0x0000000088300000, 0x0000000088300000|100%| O|  |TAMS 0x0000000088200000| PB 0x0000000088200000| Untracked 
|  49|0x0000000088300000, 0x0000000088400000, 0x0000000088400000|100%| O|  |TAMS 0x0000000088300000| PB 0x0000000088300000| Untracked 
|  50|0x0000000088400000, 0x0000000088500000, 0x0000000088500000|100%| O|  |TAMS 0x0000000088400000| PB 0x0000000088400000| Untracked 
|  51|0x0000000088500000, 0x0000000088500000, 0x0000000088600000|  0%| F|  |TAMS 0x0000000088500000| PB 0x0000000088500000| Untracked 
|  52|0x0000000088600000, 0x0000000088600000, 0x0000000088700000|  0%| F|  |TAMS 0x0000000088600000| PB 0x0000000088600000| Untracked 
|  53|0x0000000088700000, 0x0000000088700000, 0x0000000088800000|  0%| F|  |TAMS 0x0000000088700000| PB 0x0000000088700000| Untracked 
|  54|0x0000000088800000, 0x0000000088800000, 0x0000000088900000|  0%| F|  |TAMS 0x0000000088800000| PB 0x0000000088800000| Untracked 
|  55|0x0000000088900000, 0x0000000088a00000, 0x0000000088a00000|100%| S|CS|TAMS 0x0000000088900000| PB 0x0000000088900000| Complete 
|  56|0x0000000088a00000, 0x0000000088b00000, 0x0000000088b00000|100%| S|CS|TAMS 0x0000000088a00000| PB 0x0000000088a00000| Complete 
|  57|0x0000000088b00000, 0x0000000088c00000, 0x0000000088c00000|100%| S|CS|TAMS 0x0000000088b00000| PB 0x0000000088b00000| Complete 
|  58|0x0000000088c00000, 0x0000000088c00000, 0x0000000088d00000|  0%| F|  |TAMS 0x0000000088c00000| PB 0x0000000088c00000| Untracked 
|  59|0x0000000088d00000, 0x0000000088d00000, 0x0000000088e00000|  0%| F|  |TAMS 0x0000000088d00000| PB 0x0000000088d00000| Untracked 
|  60|0x0000000088e00000, 0x0000000088e00000, 0x0000000088f00000|  0%| F|  |TAMS 0x0000000088e00000| PB 0x0000000088e00000| Untracked 
|  61|0x0000000088f00000, 0x0000000088f00000, 0x0000000089000000|  0%| F|  |TAMS 0x0000000088f00000| PB 0x0000000088f00000| Untracked 
|  62|0x0000000089000000, 0x0000000089100000, 0x0000000089100000|100%| E|CS|TAMS 0x0000000089000000| PB 0x0000000089000000| Complete 
|  63|0x0000000089100000, 0x0000000089200000, 0x0000000089200000|100%| E|CS|TAMS 0x0000000089100000| PB 0x0000000089100000| Complete 
|  64|0x0000000089200000, 0x0000000089300000, 0x0000000089300000|100%| E|CS|TAMS 0x0000000089200000| PB 0x0000000089200000| Complete 
|  65|0x0000000089300000, 0x0000000089400000, 0x0000000089400000|100%| E|CS|TAMS 0x0000000089300000| PB 0x0000000089300000| Complete 
|  66|0x0000000089400000, 0x0000000089500000, 0x0000000089500000|100%| E|CS|TAMS 0x0000000089400000| PB 0x0000000089400000| Complete 
|  67|0x0000000089500000, 0x0000000089600000, 0x0000000089600000|100%| E|CS|TAMS 0x0000000089500000| PB 0x0000000089500000| Complete 
|  68|0x0000000089600000, 0x0000000089700000, 0x0000000089700000|100%| E|CS|TAMS 0x0000000089600000| PB 0x0000000089600000| Complete 
|  69|0x0000000089700000, 0x0000000089800000, 0x0000000089800000|100%| E|CS|TAMS 0x0000000089700000| PB 0x0000000089700000| Complete 
|  70|0x0000000089800000, 0x0000000089900000, 0x0000000089900000|100%| E|CS|TAMS 0x0000000089800000| PB 0x0000000089800000| Complete 
|  71|0x0000000089900000, 0x0000000089a00000, 0x0000000089a00000|100%| E|CS|TAMS 0x0000000089900000| PB 0x0000000089900000| Complete 
|  72|0x0000000089a00000, 0x0000000089b00000, 0x0000000089b00000|100%| E|CS|TAMS 0x0000000089a00000| PB 0x0000000089a00000| Complete 
|  73|0x0000000089b00000, 0x0000000089c00000, 0x0000000089c00000|100%| E|CS|TAMS 0x0000000089b00000| PB 0x0000000089b00000| Complete 
|  97|0x000000008b300000, 0x000000008b400000, 0x000000008b400000|100%| E|CS|TAMS 0x000000008b300000| PB 0x000000008b300000| Complete 
| 101|0x000000008b700000, 0x000000008b800000, 0x000000008b800000|100%| E|CS|TAMS 0x000000008b700000| PB 0x000000008b700000| Complete 
| 123|0x000000008cd00000, 0x000000008ce00000, 0x000000008ce00000|100%| E|CS|TAMS 0x000000008cd00000| PB 0x000000008cd00000| Complete 
|1964|0x00000000ffe00000, 0x00000000fff00000, 0x00000000fff00000|100%| O|  |TAMS 0x00000000fff00000| PB 0x00000000ffe00000| Untracked 
|1965|0x00000000fff00000, 0x0000000100000000, 0x0000000100000000|100%| O|  |TAMS 0x0000000100000000| PB 0x00000000fff00000| Untracked 

Card table byte_map: [0x00000215ff7a0000,0x00000215ffb80000] _byte_map_base: 0x00000215ff377000

Marking Bits: (CMBitMap*) 0x00000215fedfc260
 Bits: [0x0000021592090000, 0x0000021593f48000)

Polling page: 0x00000215fcff0000

Metaspace:

Usage:
  Non-class:     43.84 MB used.
      Class:      5.53 MB used.
       Both:     49.38 MB used.

Virtual space:
  Non-class space:       64.00 MB reserved,      44.00 MB ( 69%) committed,  1 nodes.
      Class space:        1.00 GB reserved,       5.69 MB ( <1%) committed,  1 nodes.
             Both:        1.06 GB reserved,      49.69 MB (  5%) committed. 

Chunk freelists:
   Non-Class:  3.36 MB
       Class:  10.30 MB
        Both:  13.66 MB

MaxMetaspaceSize: unlimited
CompressedClassSpaceSize: 1.00 GB
Initial GC threshold: 21.00 MB
Current GC threshold: 74.94 MB
CDS: off
 - commit_granule_bytes: 65536.
 - commit_granule_words: 8192.
 - virtual_space_node_default_size: 8388608.
 - enlarge_chunks_in_place: 1.
 - use_allocation_guard: 0.


Internal statistics:

num_allocs_failed_limit: 3.
num_arena_births: 238.
num_arena_deaths: 0.
num_vsnodes_births: 2.
num_vsnodes_deaths: 0.
num_space_committed: 793.
num_space_uncommitted: 0.
num_chunks_returned_to_freelist: 3.
num_chunks_taken_from_freelist: 1717.
num_chunk_merges: 3.
num_chunk_splits: 1412.
num_chunks_enlarged: 1280.
num_inconsistent_stats: 0.

CodeHeap 'non-profiled nmethods': size=120000Kb used=3116Kb max_used=3116Kb free=116883Kb
 bounds [0x000002158ab60000, 0x000002158ae70000, 0x0000021592090000]
CodeHeap 'profiled nmethods': size=120000Kb used=11299Kb max_used=11299Kb free=108700Kb
 bounds [0x0000021583090000, 0x0000021583ba0000, 0x000002158a5c0000]
CodeHeap 'non-nmethods': size=5760Kb used=1565Kb max_used=1623Kb free=4194Kb
 bounds [0x000002158a5c0000, 0x000002158a830000, 0x000002158ab60000]
 total_blobs=5303 nmethods=4667 adapters=540
 compilation: enabled
              stopped_count=0, restarted_count=0
 full_count=0

Compilation events (20 events):
Event: 2.857 Thread 0x000002159697c4a0 4905       3       org.jetbrains.kotlin.metadata.ProtoBuf$Annotation$Argument$Value::isInitialized (83 bytes)
Event: 2.858 Thread 0x0000021596baec40 nmethod 4908 0x000002158ae66090 code [0x000002158ae66220, 0x000002158ae66360]
Event: 2.858 Thread 0x000002159697c4a0 nmethod 4905 0x0000021583b80d90 code [0x0000021583b80fe0, 0x0000021583b817e8]
Event: 2.858 Thread 0x000002159697c4a0 4906       3       org.jetbrains.kotlin.metadata.ProtoBuf$Annotation$Argument$Value::hasAnnotation (20 bytes)
Event: 2.858 Thread 0x000002159697c4a0 nmethod 4906 0x0000021583b81a90 code [0x0000021583b81c20, 0x0000021583b81d88]
Event: 2.858 Thread 0x000002159697c4a0 4907       3       org.jetbrains.kotlin.metadata.ProtoBuf$Annotation$Argument$Value::getDefaultInstance (4 bytes)
Event: 2.858 Thread 0x000002159697c4a0 nmethod 4907 0x0000021583b81e10 code [0x0000021583b81fa0, 0x0000021583b82098]
Event: 2.858 Thread 0x000002159697c4a0 4909       3       org.jetbrains.kotlin.metadata.ProtoBuf$Type$Argument$Projection::valueOf (50 bytes)
Event: 2.858 Thread 0x000002159697c4a0 nmethod 4909 0x0000021583b82110 code [0x0000021583b822e0, 0x0000021583b82530]
Event: 2.858 Thread 0x000002159697c4a0 4898       3       org.jetbrains.kotlin.load.kotlin.FileBasedKotlinClass$1::visitEnd (8 bytes)
Event: 2.858 Thread 0x000002159697c4a0 nmethod 4898 0x0000021583b82610 code [0x0000021583b827c0, 0x0000021583b82940]
Event: 2.858 Thread 0x000002159697c4a0 4899       3       org.jetbrains.kotlin.load.kotlin.header.ReadKotlinClassHeaderAnnotationVisitor::visitEnd (1 bytes)
Event: 2.858 Thread 0x000002159697c4a0 nmethod 4899 0x0000021583b82a10 code [0x0000021583b82ba0, 0x0000021583b82ca8]
Event: 2.858 Thread 0x000002159697c4a0 4900       3       org.jetbrains.kotlin.load.kotlin.KotlinClassFinder$Result::<init> (5 bytes)
Event: 2.858 Thread 0x000002159697c4a0 nmethod 4900 0x0000021583b82d10 code [0x0000021583b82ec0, 0x0000021583b83088]
Event: 2.858 Thread 0x000002159697c4a0 4897       3       org.jetbrains.kotlin.load.kotlin.FileBasedKotlinClass$1::<init> (28 bytes)
Event: 2.858 Thread 0x000002159697c4a0 nmethod 4897 0x0000021583b83190 code [0x0000021583b83360, 0x0000021583b83678]
Event: 2.859 Thread 0x000002159697c4a0 4910       3       org.jetbrains.kotlin.metadata.ProtoBuf$Annotation$Argument::initFields (13 bytes)
Event: 2.859 Thread 0x000002159697c4a0 nmethod 4910 0x0000021583b83790 code [0x0000021583b83940, 0x0000021583b83b18]
Event: 2.859 Thread 0x000002159697c4a0 4914   !   3       org.jetbrains.kotlin.metadata.ProtoBuf$Annotation$Argument::<init> (342 bytes)

GC Heap History (20 events):
Event: 0.878 GC heap before
{Heap before GC invocations=5 (full 0):
 garbage-first heap   total 36864K, used 26895K [0x0000000085200000, 0x0000000100000000)
  region size 1024K, 12 young (12288K), 3 survivors (3072K)
 Metaspace       used 27462K, committed 27712K, reserved 1114112K
  class space    used 2929K, committed 3008K, reserved 1048576K
}
Event: 0.882 GC heap after
{Heap after GC invocations=6 (full 0):
 garbage-first heap   total 36864K, used 19272K [0x0000000085200000, 0x0000000100000000)
  region size 1024K, 2 young (2048K), 2 survivors (2048K)
 Metaspace       used 27462K, committed 27712K, reserved 1114112K
  class space    used 2929K, committed 3008K, reserved 1048576K
}
Event: 0.910 GC heap before
{Heap before GC invocations=6 (full 0):
 garbage-first heap   total 36864K, used 27464K [0x0000000085200000, 0x0000000100000000)
  region size 1024K, 10 young (10240K), 2 survivors (2048K)
 Metaspace       used 27725K, committed 28032K, reserved 1114112K
  class space    used 2940K, committed 3072K, reserved 1048576K
}
Event: 0.913 GC heap after
{Heap after GC invocations=7 (full 0):
 garbage-first heap   total 36864K, used 21084K [0x0000000085200000, 0x0000000100000000)
  region size 1024K, 2 young (2048K), 2 survivors (2048K)
 Metaspace       used 27725K, committed 28032K, reserved 1114112K
  class space    used 2940K, committed 3072K, reserved 1048576K
}
Event: 1.000 GC heap before
{Heap before GC invocations=8 (full 0):
 garbage-first heap   total 36864K, used 28252K [0x0000000085200000, 0x0000000100000000)
  region size 1024K, 10 young (10240K), 2 survivors (2048K)
 Metaspace       used 29796K, committed 30080K, reserved 1114112K
  class space    used 3146K, committed 3264K, reserved 1048576K
}
Event: 1.003 GC heap after
{Heap after GC invocations=9 (full 0):
 garbage-first heap   total 64512K, used 22085K [0x0000000085200000, 0x0000000100000000)
  region size 1024K, 1 young (1024K), 1 survivors (1024K)
 Metaspace       used 29796K, committed 30080K, reserved 1114112K
  class space    used 3146K, committed 3264K, reserved 1048576K
}
Event: 1.276 GC heap before
{Heap before GC invocations=9 (full 0):
 garbage-first heap   total 64512K, used 48709K [0x0000000085200000, 0x0000000100000000)
  region size 1024K, 27 young (27648K), 1 survivors (1024K)
 Metaspace       used 36733K, committed 36928K, reserved 1114112K
  class space    used 4380K, committed 4480K, reserved 1048576K
}
Event: 1.280 GC heap after
{Heap after GC invocations=10 (full 0):
 garbage-first heap   total 64512K, used 23882K [0x0000000085200000, 0x0000000100000000)
  region size 1024K, 3 young (3072K), 3 survivors (3072K)
 Metaspace       used 36733K, committed 36928K, reserved 1114112K
  class space    used 4380K, committed 4480K, reserved 1048576K
}
Event: 1.668 GC heap before
{Heap before GC invocations=10 (full 0):
 garbage-first heap   total 64512K, used 50506K [0x0000000085200000, 0x0000000100000000)
  region size 1024K, 30 young (30720K), 3 survivors (3072K)
 Metaspace       used 42553K, committed 42816K, reserved 1114112K
  class space    used 4901K, committed 5056K, reserved 1048576K
}
Event: 1.675 GC heap after
{Heap after GC invocations=11 (full 0):
 garbage-first heap   total 64512K, used 27623K [0x0000000085200000, 0x0000000100000000)
  region size 1024K, 4 young (4096K), 4 survivors (4096K)
 Metaspace       used 42553K, committed 42816K, reserved 1114112K
  class space    used 4901K, committed 5056K, reserved 1048576K
}
Event: 1.970 GC heap before
{Heap before GC invocations=11 (full 0):
 garbage-first heap   total 64512K, used 52199K [0x0000000085200000, 0x0000000100000000)
  region size 1024K, 28 young (28672K), 4 survivors (4096K)
 Metaspace       used 43070K, committed 43328K, reserved 1114112K
  class space    used 4934K, committed 5056K, reserved 1048576K
}
Event: 1.985 GC heap after
{Heap after GC invocations=12 (full 0):
 garbage-first heap   total 64512K, used 35145K [0x0000000085200000, 0x0000000100000000)
  region size 1024K, 4 young (4096K), 4 survivors (4096K)
 Metaspace       used 43070K, committed 43328K, reserved 1114112K
  class space    used 4934K, committed 5056K, reserved 1048576K
}
Event: 2.210 GC heap before
{Heap before GC invocations=12 (full 0):
 garbage-first heap   total 64512K, used 51529K [0x0000000085200000, 0x0000000100000000)
  region size 1024K, 21 young (21504K), 4 survivors (4096K)
 Metaspace       used 45571K, committed 45824K, reserved 1114112K
  class space    used 5174K, committed 5312K, reserved 1048576K
}
Event: 2.216 GC heap after
{Heap after GC invocations=13 (full 0):
 garbage-first heap   total 80896K, used 38375K [0x0000000085200000, 0x0000000100000000)
  region size 1024K, 3 young (3072K), 3 survivors (3072K)
 Metaspace       used 45571K, committed 45824K, reserved 1114112K
  class space    used 5174K, committed 5312K, reserved 1048576K
}
Event: 2.510 GC heap before
{Heap before GC invocations=14 (full 0):
 garbage-first heap   total 80896K, used 63975K [0x0000000085200000, 0x0000000100000000)
  region size 1024K, 28 young (28672K), 3 survivors (3072K)
 Metaspace       used 49085K, committed 49408K, reserved 1114112K
  class space    used 5561K, committed 5696K, reserved 1048576K
}
Event: 2.517 GC heap after
{Heap after GC invocations=15 (full 0):
 garbage-first heap   total 80896K, used 42654K [0x0000000085200000, 0x0000000100000000)
  region size 1024K, 4 young (4096K), 4 survivors (4096K)
 Metaspace       used 49085K, committed 49408K, reserved 1114112K
  class space    used 5561K, committed 5696K, reserved 1048576K
}
Event: 2.720 GC heap before
{Heap before GC invocations=15 (full 0):
 garbage-first heap   total 80896K, used 66206K [0x0000000085200000, 0x0000000100000000)
  region size 1024K, 27 young (27648K), 4 survivors (4096K)
 Metaspace       used 50270K, committed 50560K, reserved 1114112K
  class space    used 5656K, committed 5824K, reserved 1048576K
}
Event: 2.729 GC heap after
{Heap after GC invocations=16 (full 0):
 garbage-first heap   total 80896K, used 48103K [0x0000000085200000, 0x0000000100000000)
  region size 1024K, 4 young (4096K), 4 survivors (4096K)
 Metaspace       used 50270K, committed 50560K, reserved 1114112K
  class space    used 5656K, committed 5824K, reserved 1048576K
}
Event: 2.840 GC heap before
{Heap before GC invocations=16 (full 0):
 garbage-first heap   total 80896K, used 65511K [0x0000000085200000, 0x0000000100000000)
  region size 1024K, 23 young (23552K), 4 survivors (4096K)
 Metaspace       used 50535K, committed 50816K, reserved 1114112K
  class space    used 5666K, committed 5824K, reserved 1048576K
}
Event: 2.848 GC heap after
{Heap after GC invocations=17 (full 0):
 garbage-first heap   total 80896K, used 55271K [0x0000000085200000, 0x0000000100000000)
  region size 1024K, 3 young (3072K), 3 survivors (3072K)
 Metaspace       used 50535K, committed 50816K, reserved 1114112K
  class space    used 5666K, committed 5824K, reserved 1048576K
}

Dll operation events (3 events):
Event: 0.009 Loaded shared library C:\Program Files\Android\Android Studio\jbr\bin\java.dll
Event: 0.015 Loaded shared library C:\Program Files\Android\Android Studio\jbr\bin\zip.dll
Event: 0.633 Loaded shared library C:\Program Files\Android\Android Studio\jbr\bin\verify.dll

Deoptimization events (20 events):
Event: 2.751 Thread 0x00000215fca3f7b0 DEOPT PACKING pc=0x00000215832f1ee6 sp=0x00000040832fbd20
Event: 2.751 Thread 0x00000215fca3f7b0 DEOPT UNPACKING pc=0x000002158a614e42 sp=0x00000040832fb268 mode 0
Event: 2.771 Thread 0x00000215fca3f7b0 DEOPT PACKING pc=0x00000215839a7bbd sp=0x00000040832fbbc0
Event: 2.771 Thread 0x00000215fca3f7b0 DEOPT UNPACKING pc=0x000002158a614e42 sp=0x00000040832fb050 mode 0
Event: 2.774 Thread 0x00000215fca3f7b0 DEOPT PACKING pc=0x0000021583a13cc8 sp=0x00000040832fc0c0
Event: 2.774 Thread 0x00000215fca3f7b0 DEOPT UNPACKING pc=0x000002158a614e42 sp=0x00000040832fb598 mode 0
Event: 2.781 Thread 0x00000215fca3f7b0 DEOPT PACKING pc=0x00000215839a7bbd sp=0x00000040832fbbc0
Event: 2.781 Thread 0x00000215fca3f7b0 DEOPT UNPACKING pc=0x000002158a614e42 sp=0x00000040832fb050 mode 0
Event: 2.820 Thread 0x00000215fca3f7b0 Uncommon trap: trap_request=0xffffffc6 fr.pc=0x000002158ae2af40 relative=0x0000000000001760
Event: 2.820 Thread 0x00000215fca3f7b0 Uncommon trap: reason=bimorphic_or_optimized_type_check action=maybe_recompile pc=0x000002158ae2af40 method=org.jetbrains.kotlin.load.kotlin.FileBasedKotlinClass$3$1.visit(Ljava/lang/String;Ljava/lang/Object;)V @ 46 c2
Event: 2.820 Thread 0x00000215fca3f7b0 DEOPT PACKING pc=0x000002158ae2af40 sp=0x00000040832fbf80
Event: 2.820 Thread 0x00000215fca3f7b0 DEOPT UNPACKING pc=0x000002158a6146a2 sp=0x00000040832fbe88 mode 2
Event: 2.822 Thread 0x00000215fca3f7b0 Uncommon trap: trap_request=0xffffff45 fr.pc=0x000002158ae393bc relative=0x000000000000283c
Event: 2.822 Thread 0x00000215fca3f7b0 Uncommon trap: reason=unstable_if action=reinterpret pc=0x000002158ae393bc method=org.jetbrains.org.objectweb.asm.ClassReader.readMethod(Lorg/jetbrains/org/objectweb/asm/ClassVisitor;Lorg/jetbrains/org/objectweb/asm/Context;I)I @ 316 c2
Event: 2.822 Thread 0x00000215fca3f7b0 DEOPT PACKING pc=0x000002158ae393bc sp=0x00000040832fc0e0
Event: 2.822 Thread 0x00000215fca3f7b0 DEOPT UNPACKING pc=0x000002158a6146a2 sp=0x00000040832fc068 mode 2
Event: 2.838 Thread 0x00000215fca3f7b0 Uncommon trap: trap_request=0xffffff6e fr.pc=0x000002158ae449b8 relative=0x0000000000000118
Event: 2.838 Thread 0x00000215fca3f7b0 Uncommon trap: reason=loop_limit_check action=maybe_recompile pc=0x000002158ae449b8 method=org.jetbrains.kotlin.it.unimi.dsi.fastutil.objects.ObjectOpenHashSet$SetIterator.next()Ljava/lang/Object; @ 83 c2
Event: 2.838 Thread 0x00000215fca3f7b0 DEOPT PACKING pc=0x000002158ae449b8 sp=0x00000040832fc740
Event: 2.838 Thread 0x00000215fca3f7b0 DEOPT UNPACKING pc=0x000002158a6146a2 sp=0x00000040832fc6d8 mode 2

Classes loaded (20 events):
Event: 1.438 Loading class java/util/ArrayList$ListItr
Event: 1.438 Loading class java/util/ArrayList$ListItr done
Event: 2.177 Loading class java/util/PriorityQueue
Event: 2.178 Loading class java/util/PriorityQueue done
Event: 2.323 Loading class java/security/AccessControlException
Event: 2.323 Loading class java/security/AccessControlException done
Event: 2.330 Loading class java/lang/annotation/ElementType
Event: 2.330 Loading class java/lang/annotation/ElementType done
Event: 2.330 Loading class java/lang/Deprecated
Event: 2.330 Loading class java/lang/Deprecated done
Event: 2.330 Loading class java/lang/Override
Event: 2.330 Loading class java/lang/Override done
Event: 2.457 Loading class java/text/StringCharacterIterator
Event: 2.457 Loading class java/text/CharacterIterator
Event: 2.457 Loading class java/text/CharacterIterator done
Event: 2.457 Loading class java/text/StringCharacterIterator done
Event: 2.593 Loading class java/util/ArrayList$SubList$1
Event: 2.593 Loading class java/util/ArrayList$SubList$1 done
Event: 2.637 Loading class java/util/AbstractList$ListItr
Event: 2.637 Loading class java/util/AbstractList$ListItr done

Classes unloaded (0 events):
No events

Classes redefined (0 events):
No events

Internal exceptions (20 events):
Event: 2.077 Thread 0x00000215fca3f7b0 Implicit null exception at 0x000002158ac5feda to 0x000002158ac5ffd8
Event: 2.077 Thread 0x00000215fca3f7b0 Implicit null exception at 0x000002158ad150f5 to 0x000002158ad1a5c4
Event: 2.077 Thread 0x00000215fca3f7b0 Implicit null exception at 0x000002158ad150f5 to 0x000002158ad1a5c4
Event: 2.077 Thread 0x00000215fca3f7b0 Implicit null exception at 0x000002158ad150f5 to 0x000002158ad1a5c4
Event: 2.077 Thread 0x00000215fca3f7b0 Implicit null exception at 0x000002158ad150f5 to 0x000002158ad1a5c4
Event: 2.077 Thread 0x00000215fca3f7b0 Implicit null exception at 0x000002158ad150f5 to 0x000002158ad1a5c4
Event: 2.077 Thread 0x00000215fca3f7b0 Implicit null exception at 0x000002158ad150f5 to 0x000002158ad1a5c4
Event: 2.077 Thread 0x00000215fca3f7b0 Implicit null exception at 0x000002158ad150f5 to 0x000002158ad1a5c4
Event: 2.077 Thread 0x00000215fca3f7b0 Implicit null exception at 0x000002158ad150f5 to 0x000002158ad1a5c4
Event: 2.077 Thread 0x00000215fca3f7b0 Implicit null exception at 0x000002158ad150f5 to 0x000002158ad1a5c4
Event: 2.077 Thread 0x00000215fca3f7b0 Implicit null exception at 0x000002158ad150f5 to 0x000002158ad1a5c4
Event: 2.077 Thread 0x00000215fca3f7b0 Implicit null exception at 0x000002158ad150f5 to 0x000002158ad1a5c4
Event: 2.077 Thread 0x00000215fca3f7b0 Implicit null exception at 0x000002158acfa5dc to 0x000002158acfef50
Event: 2.077 Thread 0x00000215fca3f7b0 Implicit null exception at 0x000002158acf2fea to 0x000002158acf4260
Event: 2.086 Thread 0x00000215fca3f7b0 Implicit null exception at 0x000002158acf673c to 0x000002158acf6f8c
Event: 2.111 Thread 0x00000215fca3f7b0 Implicit null exception at 0x000002158ad27ee7 to 0x000002158ad280f0
Event: 2.311 Thread 0x00000215fca3f7b0 Exception <a 'java/lang/NoSuchMethodError'{0x0000000089407f58}: 'java.lang.Object java.lang.invoke.DirectMethodHandle$Holder.newInvokeSpecial(java.lang.Object, java.lang.Object, java.lang.Object, int, java.lang.Object)'> (0x0000000089407f58) 
thrown [s\src\hotspot\share\interpreter\linkResolver.cpp, line 784]
Event: 2.379 Thread 0x00000215fca3f7b0 Implicit null exception at 0x000002158adaa920 to 0x000002158adaab44
Event: 2.380 Thread 0x00000215fca3f7b0 Implicit null exception at 0x000002158adb079a to 0x000002158adb0984
Event: 2.381 Thread 0x00000215fca3f7b0 Implicit null exception at 0x000002158ad050bd to 0x000002158ad05139

ZGC Phase Switch (0 events):
No events

VM Operations (20 events):
Event: 2.461 Executing VM operation: HandshakeAllThreads (Deoptimize)
Event: 2.461 Executing VM operation: HandshakeAllThreads (Deoptimize) done
Event: 2.479 Executing VM operation: HandshakeAllThreads (Deoptimize)
Event: 2.479 Executing VM operation: HandshakeAllThreads (Deoptimize) done
Event: 2.483 Executing VM operation: HandshakeAllThreads (Deoptimize)
Event: 2.483 Executing VM operation: HandshakeAllThreads (Deoptimize) done
Event: 2.486 Executing VM operation: HandshakeAllThreads (Deoptimize)
Event: 2.487 Executing VM operation: HandshakeAllThreads (Deoptimize) done
Event: 2.497 Executing VM operation: HandshakeAllThreads (Deoptimize)
Event: 2.497 Executing VM operation: HandshakeAllThreads (Deoptimize) done
Event: 2.510 Executing VM operation: G1CollectForAllocation (G1 Evacuation Pause)
Event: 2.517 Executing VM operation: G1CollectForAllocation (G1 Evacuation Pause) done
Event: 2.637 Executing VM operation: HandshakeAllThreads (Deoptimize)
Event: 2.637 Executing VM operation: HandshakeAllThreads (Deoptimize) done
Event: 2.648 Executing VM operation: ICBufferFull
Event: 2.648 Executing VM operation: ICBufferFull done
Event: 2.720 Executing VM operation: G1CollectForAllocation (G1 Evacuation Pause)
Event: 2.729 Executing VM operation: G1CollectForAllocation (G1 Evacuation Pause) done
Event: 2.840 Executing VM operation: G1TryInitiateConcMark (G1 Humongous Allocation)
Event: 2.848 Executing VM operation: G1TryInitiateConcMark (G1 Humongous Allocation) done

Memory protections (0 events):
No events

Nmethod flushes (20 events):
Event: 2.229 Thread 0x00000215968f70a0 flushing  nmethod 0x000002158320f790
Event: 2.229 Thread 0x00000215968f70a0 flushing  nmethod 0x0000021583281190
Event: 2.229 Thread 0x00000215968f70a0 flushing  nmethod 0x000002158329f090
Event: 2.229 Thread 0x00000215968f70a0 flushing osr nmethod 0x00000215832a0310
Event: 2.229 Thread 0x00000215968f70a0 flushing  nmethod 0x00000215832a6b90
Event: 2.229 Thread 0x00000215968f70a0 flushing  nmethod 0x00000215832a6f10
Event: 2.229 Thread 0x00000215968f70a0 flushing  nmethod 0x00000215832ad210
Event: 2.229 Thread 0x00000215968f70a0 flushing  nmethod 0x00000215832af010
Event: 2.229 Thread 0x00000215968f70a0 flushing  nmethod 0x00000215832b0d90
Event: 2.229 Thread 0x00000215968f70a0 flushing  nmethod 0x00000215832b1b10
Event: 2.229 Thread 0x00000215968f70a0 flushing  nmethod 0x00000215832b1e90
Event: 2.229 Thread 0x00000215968f70a0 flushing  nmethod 0x00000215832b3810
Event: 2.229 Thread 0x00000215968f70a0 flushing  nmethod 0x00000215832b4410
Event: 2.229 Thread 0x00000215968f70a0 flushing  nmethod 0x00000215832c8c90
Event: 2.229 Thread 0x00000215968f70a0 flushing  nmethod 0x00000215832ca110
Event: 2.229 Thread 0x00000215968f70a0 flushing  nmethod 0x0000021583329f90
Event: 2.229 Thread 0x00000215968f70a0 flushing  nmethod 0x000002158332aa10
Event: 2.229 Thread 0x00000215968f70a0 flushing  nmethod 0x000002158332b190
Event: 2.229 Thread 0x00000215968f70a0 flushing  nmethod 0x000002158332b610
Event: 2.229 Thread 0x00000215968f70a0 flushing  nmethod 0x000002158332ba90

Events (17 events):
Event: 0.014 Thread 0x00000215fca3f7b0 Thread added: 0x00000215fca3f7b0
Event: 0.044 Thread 0x00000215fca3f7b0 Thread added: 0x000002159691fea0
Event: 0.044 Thread 0x00000215fca3f7b0 Thread added: 0x000002159694b280
Event: 0.045 Thread 0x00000215fca3f7b0 Thread added: 0x0000021596950410
Event: 0.045 Thread 0x00000215fca3f7b0 Thread added: 0x0000021596950e60
Event: 0.045 Thread 0x00000215fca3f7b0 Thread added: 0x00000215969518b0
Event: 0.045 Thread 0x00000215fca3f7b0 Thread added: 0x0000021596976780
Event: 0.045 Thread 0x00000215fca3f7b0 Thread added: 0x0000021596977500
Event: 0.045 Thread 0x00000215fca3f7b0 Thread added: 0x000002159697c4a0
Event: 0.071 Thread 0x00000215fca3f7b0 Thread added: 0x0000021596b17190
Event: 0.074 Thread 0x00000215fca3f7b0 Thread added: 0x0000021596b17eb0
Event: 0.079 Loaded shared library C:\Program Files\Android\Android Studio\jbr\bin\net.dll
Event: 0.080 Loaded shared library C:\Program Files\Android\Android Studio\jbr\bin\nio.dll
Event: 0.087 Thread 0x0000021596977500 Thread added: 0x0000021596ba8f00
Event: 0.087 Thread 0x0000021596977500 Thread added: 0x0000021596baec40
Event: 0.095 Loaded shared library C:\Program Files\Android\Android Studio\jbr\bin\zip.dll
Event: 0.113 Loaded shared library C:\Program Files\Android\Android Studio\jbr\bin\jimage.dll


Dynamic libraries:
0x00007ff7d74c0000 - 0x00007ff7d74ca000 	C:\Program Files\Android\Android Studio\jbr\bin\java.exe
0x00007ff906880000 - 0x00007ff906ae7000 	C:\WINDOWS\SYSTEM32\ntdll.dll
0x00007ff905220000 - 0x00007ff9052e9000 	C:\WINDOWS\System32\KERNEL32.DLL
0x00007ff9040a0000 - 0x00007ff904490000 	C:\WINDOWS\System32\KERNELBASE.dll
0x00007ff903a60000 - 0x00007ff903bab000 	C:\WINDOWS\System32\ucrtbase.dll
0x00007ff8df070000 - 0x00007ff8df088000 	C:\Program Files\Android\Android Studio\jbr\bin\jli.dll
0x00007ff8e8250000 - 0x00007ff8e826b000 	C:\Program Files\Android\Android Studio\jbr\bin\VCRUNTIME140.dll
0x00007ff904d30000 - 0x00007ff904ef5000 	C:\WINDOWS\System32\USER32.dll
0x00007ff8dde70000 - 0x00007ff8de10a000 	C:\WINDOWS\WinSxS\amd64_microsoft.windows.common-controls_6595b64144ccf1df_6.0.26100.4768_none_3e0c112ce331287c\COMCTL32.dll
0x00007ff9044a0000 - 0x00007ff9044c7000 	C:\WINDOWS\System32\win32u.dll
0x00007ff905160000 - 0x00007ff905209000 	C:\WINDOWS\System32\msvcrt.dll
0x00007ff905030000 - 0x00007ff90505b000 	C:\WINDOWS\System32\GDI32.dll
0x00007ff9044d0000 - 0x00007ff904608000 	C:\WINDOWS\System32\gdi32full.dll
0x00007ff9039b0000 - 0x00007ff903a53000 	C:\WINDOWS\System32\msvcp_win.dll
0x00007ff904ff0000 - 0x00007ff90501f000 	C:\WINDOWS\System32\IMM32.DLL
0x00007ff8f7fb0000 - 0x00007ff8f7fbc000 	C:\Program Files\Android\Android Studio\jbr\bin\vcruntime140_1.dll
0x00007ff8c70f0000 - 0x00007ff8c717d000 	C:\Program Files\Android\Android Studio\jbr\bin\msvcp140.dll
0x00007ff882560000 - 0x00007ff8831eb000 	C:\Program Files\Android\Android Studio\jbr\bin\server\jvm.dll
0x00007ff906750000 - 0x00007ff906804000 	C:\WINDOWS\System32\ADVAPI32.dll
0x00007ff904800000 - 0x00007ff9048a6000 	C:\WINDOWS\System32\sechost.dll
0x00007ff904660000 - 0x00007ff904778000 	C:\WINDOWS\System32\RPCRT4.dll
0x00007ff906390000 - 0x00007ff906404000 	C:\WINDOWS\System32\WS2_32.dll
0x00007ff8f8e40000 - 0x00007ff8f8e75000 	C:\WINDOWS\SYSTEM32\WINMM.dll
0x00007ff8f03e0000 - 0x00007ff8f03eb000 	C:\WINDOWS\SYSTEM32\VERSION.dll
0x00007ff903810000 - 0x00007ff90386e000 	C:\WINDOWS\SYSTEM32\POWRPROF.dll
0x00007ff9037f0000 - 0x00007ff903804000 	C:\WINDOWS\SYSTEM32\UMPDC.dll
0x00007ff902700000 - 0x00007ff90271b000 	C:\WINDOWS\SYSTEM32\kernel.appcore.dll
0x00007ff8e8390000 - 0x00007ff8e839a000 	C:\Program Files\Android\Android Studio\jbr\bin\jimage.dll
0x00007ff9011e0000 - 0x00007ff901421000 	C:\WINDOWS\SYSTEM32\DBGHELP.DLL
0x00007ff906000000 - 0x00007ff906385000 	C:\WINDOWS\System32\combase.dll
0x00007ff904f00000 - 0x00007ff904fe0000 	C:\WINDOWS\System32\OLEAUT32.dll
0x00007ff8d9330000 - 0x00007ff8d9373000 	C:\WINDOWS\SYSTEM32\dbgcore.DLL
0x00007ff903bb0000 - 0x00007ff903c49000 	C:\WINDOWS\System32\bcryptPrimitives.dll
0x00007ff8e8230000 - 0x00007ff8e8250000 	C:\Program Files\Android\Android Studio\jbr\bin\java.dll
0x00007ff8e8210000 - 0x00007ff8e8228000 	C:\Program Files\Android\Android Studio\jbr\bin\zip.dll
0x00007ff905790000 - 0x00007ff905edd000 	C:\WINDOWS\System32\SHELL32.dll
0x00007ff903c50000 - 0x00007ff903dc3000 	C:\WINDOWS\System32\wintypes.dll
0x00007ff901540000 - 0x00007ff901da0000 	C:\WINDOWS\SYSTEM32\windows.storage.dll
0x00007ff905ee0000 - 0x00007ff905fd5000 	C:\WINDOWS\System32\SHCORE.dll
0x00007ff904cc0000 - 0x00007ff904d2a000 	C:\WINDOWS\System32\shlwapi.dll
0x00007ff9038d0000 - 0x00007ff9038f9000 	C:\WINDOWS\SYSTEM32\profapi.dll
0x00007ff8e8300000 - 0x00007ff8e8310000 	C:\Program Files\Android\Android Studio\jbr\bin\net.dll
0x00007ff8f31d0000 - 0x00007ff8f32ee000 	C:\WINDOWS\SYSTEM32\WINHTTP.dll
0x00007ff902c90000 - 0x00007ff902cfb000 	C:\WINDOWS\system32\mswsock.dll
0x00007ff8e8180000 - 0x00007ff8e8196000 	C:\Program Files\Android\Android Studio\jbr\bin\nio.dll
0x00007ff8e7450000 - 0x00007ff8e7460000 	C:\Program Files\Android\Android Studio\jbr\bin\verify.dll

dbghelp: loaded successfully - version: 4.0.5 - missing functions: none
symbol engine: initialized successfully - sym options: 0x614 - pdb path: .;C:\Program Files\Android\Android Studio\jbr\bin;C:\WINDOWS\SYSTEM32;C:\WINDOWS\WinSxS\amd64_microsoft.windows.common-controls_6595b64144ccf1df_6.0.26100.4768_none_3e0c112ce331287c;C:\Program Files\Android\Android Studio\jbr\bin\server

VM Arguments:
java_command: org.jetbrains.kotlin.cli.jvm.K2JVMCompiler @C:\Users\subra\OneDrive\Desktop\UniChargeAndriod\app\build\20251130_3904632917720012819.compiler.options
java_class_path (initial): C:\Users\subra\.gradle\caches\modules-2\files-2.1\org.jetbrains.kotlin\kotlin-compiler-embeddable\2.0.21\79346ed53db48b18312a472602eb5c057070c54d\kotlin-compiler-embeddable-2.0.21.jar;C:\Users\subra\.gradle\caches\modules-2\files-2.1\org.jetbrains.kotlin\kotlin-stdlib\2.0.21\618b539767b4899b4660a83006e052b63f1db551\kotlin-stdlib-2.0.21.jar;C:\Users\subra\.gradle\caches\modules-2\files-2.1\org.jetbrains.kotlin\kotlin-script-runtime\2.0.21\c9b044380ad41f89aa89aa896c2d32a8c0b2129d\kotlin-script-runtime-2.0.21.jar;C:\Users\subra\.gradle\caches\modules-2\files-2.1\org.jetbrains.kotlin\kotlin-reflect\1.6.10\1cbe9c92c12a94eea200d23c2bbaedaf3daf5132\kotlin-reflect-1.6.10.jar;C:\Users\subra\.gradle\caches\modules-2\files-2.1\org.jetbrains.kotlin\kotlin-daemon-embeddable\2.0.21\c9e933b23287de9b5a17e2116b4657bb91aea72c\kotlin-daemon-embeddable-2.0.21.jar;C:\Users\subra\.gradle\caches\modules-2\files-2.1\org.jetbrains.intellij.deps\trove4j\1.0.20200330\3afb14d5f9ceb459d724e907a21145e8ff394f02\trove4j-1.0.20200330.jar;C:\Users\subra\.gradle\caches\modules-2\files-2.1\org.jetbrains.kotlinx\kotlinx-coroutines-core-jvm\1.6.4\2c997cd1c0ef33f3e751d3831929aeff1390cb30\kotlinx-coroutines-core-jvm-1.6.4.jar;C:\Users\subra\.gradle\caches\modules-2\files-2.1\org.jetbrains\annotations\13.0\919f0dfe192fb4e063e7dacadee7f8bb9a2672a9\annotations-13.0.jar
Launcher Type: SUN_STANDARD

[Global flags]
     intx CICompilerCount                          = 4                                         {product} {ergonomic}
     uint ConcGCThreads                            = 3                                         {product} {ergonomic}
     uint G1ConcRefinementThreads                  = 10                                        {product} {ergonomic}
   size_t G1HeapRegionSize                         = 1048576                                   {product} {ergonomic}
    uintx GCDrainStackTargetSize                   = 64                                        {product} {ergonomic}
   size_t InitialHeapSize                          = 130023424                                 {product} {ergonomic}
   size_t MarkStackSize                            = 4194304                                   {product} {ergonomic}
   size_t MaxHeapSize                              = 2061500416                                {product} {ergonomic}
   size_t MaxNewSize                               = 1236271104                                {product} {ergonomic}
   size_t MinHeapDeltaBytes                        = 1048576                                   {product} {ergonomic}
   size_t MinHeapSize                              = 8388608                                   {product} {ergonomic}
    uintx NonNMethodCodeHeapSize                   = 5839372                                {pd product} {ergonomic}
    uintx NonProfiledCodeHeapSize                  = 122909434                              {pd product} {ergonomic}
    uintx ProfiledCodeHeapSize                     = 122909434                              {pd product} {ergonomic}
    uintx ReservedCodeCacheSize                    = 251658240                              {pd product} {ergonomic}
     bool SegmentedCodeCache                       = true                                      {product} {ergonomic}
   size_t SoftMaxHeapSize                          = 2061500416                             {manageable} {ergonomic}
     bool UseCompressedOops                        = true                           {product lp64_product} {ergonomic}
     bool UseG1GC                                  = true                                      {product} {ergonomic}
     bool UseLargePagesIndividualAllocation        = false                                  {pd product} {ergonomic}

Logging:
Log output configuration:
 #0: stdout all=warning uptime,level,tags foldmultilines=false
 #1: stderr all=off uptime,level,tags foldmultilines=false

Environment Variables:
PATH=C:\Program Files\Common Files\Oracle\Java\javapath;C:\windows\system32;C:\windows;C:\windows\System32\Wbem;C:\windows\System32\WindowsPowerShell\v1.0\;C:\windows\System32\OpenSSH\;C:\MinGW\bin;C:\Program Files\Git\cmd;C:\Program Files\HP\HP One Agent;C:\Program Files\MongoDB\Server\8.0\bin;C:\WINDOWS\system32;C:\WINDOWS;C:\WINDOWS\System32\Wbem;C:\WINDOWS\System32\WindowsPowerShell\v1.0\;C:\WINDOWS\System32\OpenSSH\;C:\Program Files\nodejs\;C:\Program Files\ffmpeg\bin;C:\Program Files\MySQL\MySQL Shell 8.0\bin\;C:\Users\subra\AppData\Local\Microsoft\WindowsApps;C:\Users\subra\AppData\Local\Programs\Microsoft VS Code\bin;C:\Users\subra\AppData\Local\GitHubDesktop\bin;C:\Users\subra\AppData\Local\Programs\mongosh\;C:\Program Files\JetBrains\IntelliJ IDEA Community Edition 2025.1.1.1\bin;;C:\Users\subra\AppData\Roaming\npm
USERNAME=subra
OS=Windows_NT
PROCESSOR_IDENTIFIER=Intel64 Family 6 Model 154 Stepping 4, GenuineIntel
TMP=C:\Users\subra\AppData\Local\Temp
TEMP=C:\Users\subra\AppData\Local\Temp




Periodic native trim disabled

JNI global refs:
JNI global refs: 12, weak refs: 0

JNI global refs memory usage: 835, weak refs: 833

Process memory usage:
Resident Set Size: 258760K (3% of 8052084K total physical memory with 1123320K free physical memory)

OOME stack traces (most recent first):
Classloader memory used:
Loader jdk.internal.loader.ClassLoaders$AppClassLoader                                 : 39817K
Loader bootstrap                                                                       : 10485K
Loader java.net.URLClassLoader                                                         : 258K

---------------  S Y S T E M  ---------------

OS:
 Windows 11 , 64 bit Build 26100 (10.0.26100.4768)
OS uptime: 1 days 20:15 hours
Hyper-V role detected

CPU: total 12 (initial active 12) (6 cores per cpu, 2 threads per core) family 6 model 154 stepping 4 microcode 0x42c, cx8, cmov, fxsr, ht, mmx, 3dnowpref, sse, sse2, sse3, ssse3, sse4.1, sse4.2, popcnt, lzcnt, tsc, tscinvbit, avx, avx2, aes, erms, clmul, bmi1, bmi2, adx, sha, fma, vzeroupper, clflush, clflushopt, clwb, hv, serialize, rdtscp, rdpid, fsrm, f16c, cet_ibt, cet_ss
Processor Information for processor 0
  Max Mhz: 1300, Current Mhz: 1300, Mhz Limit: 1300
Processor Information for processor 1
  Max Mhz: 1300, Current Mhz: 1300, Mhz Limit: 1300
Processor Information for processor 2
  Max Mhz: 1300, Current Mhz: 1300, Mhz Limit: 1300
Processor Information for processor 3
  Max Mhz: 1300, Current Mhz: 1300, Mhz Limit: 1300
Processor Information for processor 4
  Max Mhz: 1300, Current Mhz: 900, Mhz Limit: 897
Processor Information for processor 5
  Max Mhz: 1300, Current Mhz: 900, Mhz Limit: 897
Processor Information for processor 6
  Max Mhz: 1300, Current Mhz: 900, Mhz Limit: 897
Processor Information for processor 7
  Max Mhz: 1300, Current Mhz: 900, Mhz Limit: 897
Processor Information for processor 8
  Max Mhz: 1300, Current Mhz: 900, Mhz Limit: 897
Processor Information for processor 9
  Max Mhz: 1300, Current Mhz: 900, Mhz Limit: 897
Processor Information for processor 10
  Max Mhz: 1300, Current Mhz: 900, Mhz Limit: 897
Processor Information for processor 11
  Max Mhz: 1300, Current Mhz: 900, Mhz Limit: 897

Memory: 4k page, system-wide physical 7863M (1096M free)
TotalPageFile size 26836M (AvailPageFile size 7612M)
current process WorkingSet (physical memory assigned to process): 252M, peak: 252M
current process commit charge ("private bytes"): 284M, peak: 287M

vm_info: OpenJDK 64-Bit Server VM (21.0.6+-13368085-b895.109) for windows-amd64 JRE (21.0.6+-13368085-b895.109), built on 2025-04-16T17:01:31Z by "builder" with MS VC++ 16.10 / 16.11 (VS2019)

END.
